<?xml version="1.0" encoding="UTF-8"?>
<!-- Generated by org.testng.reporters.JUnitXMLReporter -->
<testsuite hostname="DESKTOP-UBQJ9QQ" ignored="0" name="Test" tests="1" failures="0" timestamp="12 Apr 2020 12:48:28 GMT" time="8.435" errors="0">
  <testcase name="@BeforeTest openBrowser" time="8.411" classname="com.actitime.generics.BaseClass">
    <failure type="org.openqa.selenium.SessionNotCreatedException" message="session not created
from chrome not reachable
  (Session info: chrome=81.0.4044.92)
Build info: version: &amp;apos;3.141.59&amp;apos;, revision: &amp;apos;e82be7d358&amp;apos;, time: &amp;apos;2018-11-14T08:25:53&amp;apos;
System info: host: &amp;apos;DESKTOP-UBQJ9QQ&amp;apos;, ip: &amp;apos;10.102.37.150&amp;apos;, os.name: &amp;apos;Windows 10&amp;apos;, os.arch: &amp;apos;amd64&amp;apos;, os.version: &amp;apos;10.0&amp;apos;, java.version: &amp;apos;1.8.0_241&amp;apos;
Driver info: driver.version: ChromeDriver
remote stacktrace: Backtrace:
	Ordinal0 [0x00FB5F73+2449267]
	Ordinal0 [0x00EE8361+1606497]
	Ordinal0 [0x00DDF812+522258]
	Ordinal0 [0x00DD95B2+497074]
	Ordinal0 [0x00DD9C9B+498843]
	Ordinal0 [0x00DDABF5+502773]
	Ordinal0 [0x00DD6724+485156]
	Ordinal0 [0x00DE0600+525824]
	Ordinal0 [0x00D8CBB9+183225]
	Ordinal0 [0x00D8BF2D+180013]
	Ordinal0 [0x00D89E5B+171611]
	Ordinal0 [0x00D71DD8+73176]
	Ordinal0 [0x00D72E50+77392]
	Ordinal0 [0x00D72DE9+77289]
	Ordinal0 [0x00EFD8D7+1693911]
	GetHandleVerifier [0x01054036+522726]
	GetHandleVerifier [0x01053D74+522020]
	GetHandleVerifier [0x01069187+609079]
	GetHandleVerifier [0x010548A6+524886]
	Ordinal0 [0x00EF5CBC+1662140]
	Ordinal0 [0x00EFF23B+1700411]
	Ordinal0 [0x00EFF3A3+1700771]
	Ordinal0 [0x00F15215+1790485]
	BaseThreadInitThunk [0x74AA6359+25]
	RtlGetAppContainerNamedObjectPath [0x772E7B74+228]
	RtlGetAppContainerNamedObjectPath [0x772E7B44+180]
">
      <![CDATA[org.openqa.selenium.SessionNotCreatedException: session not created
from chrome not reachable
  (Session info: chrome=81.0.4044.92)
Build info: version: '3.141.59', revision: 'e82be7d358', time: '2018-11-14T08:25:53'
System info: host: 'DESKTOP-UBQJ9QQ', ip: '10.102.37.150', os.name: 'Windows 10', os.arch: 'amd64', os.version: '10.0', java.version: '1.8.0_241'
Driver info: driver.version: ChromeDriver
remote stacktrace: Backtrace:
Ordinal0 [0x00FB5F73+2449267]
Ordinal0 [0x00EE8361+1606497]
Ordinal0 [0x00DDF812+522258]
Ordinal0 [0x00DD95B2+497074]
Ordinal0 [0x00DD9C9B+498843]
Ordinal0 [0x00DDABF5+502773]
Ordinal0 [0x00DD6724+485156]
Ordinal0 [0x00DE0600+525824]
Ordinal0 [0x00D8CBB9+183225]
Ordinal0 [0x00D8BF2D+180013]
Ordinal0 [0x00D89E5B+171611]
Ordinal0 [0x00D71DD8+73176]
Ordinal0 [0x00D72E50+77392]
Ordinal0 [0x00D72DE9+77289]
Ordinal0 [0x00EFD8D7+1693911]
GetHandleVerifier [0x01054036+522726]
GetHandleVerifier [0x01053D74+522020]
GetHandleVerifier [0x01069187+609079]
GetHandleVerifier [0x010548A6+524886]
Ordinal0 [0x00EF5CBC+1662140]
Ordinal0 [0x00EFF23B+1700411]
Ordinal0 [0x00EFF3A3+1700771]
Ordinal0 [0x00F15215+1790485]
BaseThreadInitThunk [0x74AA6359+25]
RtlGetAppContainerNamedObjectPath [0x772E7B74+228]
RtlGetAppContainerNamedObjectPath [0x772E7B44+180]

at org.openqa.selenium.remote.W3CHandshakeResponse.lambda$errorHandler$0(W3CHandshakeResponse.java:62)
at org.openqa.selenium.remote.HandshakeResponse.lambda$getResponseFunction$0(HandshakeResponse.java:30)
at org.openqa.selenium.remote.ProtocolHandshake.lambda$createSession$0(ProtocolHandshake.java:126)
at java.util.stream.ReferencePipeline$3$1.accept(Unknown Source)
at java.util.Spliterators$ArraySpliterator.tryAdvance(Unknown Source)
at java.util.stream.ReferencePipeline.forEachWithCancel(Unknown Source)
at java.util.stream.AbstractPipeline.copyIntoWithCancel(Unknown Source)
at java.util.stream.AbstractPipeline.copyInto(Unknown Source)
at java.util.stream.AbstractPipeline.wrapAndCopyInto(Unknown Source)
at java.util.stream.FindOps$FindOp.evaluateSequential(Unknown Source)
at java.util.stream.AbstractPipeline.evaluate(Unknown Source)
at java.util.stream.ReferencePipeline.findFirst(Unknown Source)
at org.openqa.selenium.remote.ProtocolHandshake.createSession(ProtocolHandshake.java:128)
at org.openqa.selenium.remote.ProtocolHandshake.createSession(ProtocolHandshake.java:74)
at org.openqa.selenium.remote.HttpCommandExecutor.execute(HttpCommandExecutor.java:136)
at org.openqa.selenium.remote.service.DriverCommandExecutor.execute(DriverCommandExecutor.java:83)
at org.openqa.selenium.remote.RemoteWebDriver.execute(RemoteWebDriver.java:552)
at org.openqa.selenium.remote.RemoteWebDriver.startSession(RemoteWebDriver.java:213)
at org.openqa.selenium.remote.RemoteWebDriver.<init>(RemoteWebDriver.java:131)
at org.openqa.selenium.chrome.ChromeDriver.<init>(ChromeDriver.java:181)
at org.openqa.selenium.chrome.ChromeDriver.<init>(ChromeDriver.java:168)
at org.openqa.selenium.chrome.ChromeDriver.<init>(ChromeDriver.java:123)
at com.actitime.generics.BaseClass.openBrowser(BaseClass.java:30)
... Removed 28 stack frames]]>
    </failure>
  </testcase> <!-- @BeforeTest openBrowser -->
  <testcase name="@BeforeMethod login" time="0.0" classname="com.actitime.generics.BaseClass">
    <skipped/>
  </testcase> <!-- @BeforeMethod login -->
  <testcase name="@AfterMethod logout" time="0.0" classname="com.actitime.generics.BaseClass">
    <skipped/>
  </testcase> <!-- @AfterMethod logout -->
  <testcase name="@AfterTest closeBrowser" time="0.0" classname="com.actitime.generics.BaseClass">
    <skipped/>
  </testcase> <!-- @AfterTest closeBrowser -->
  <testcase name="teatCreateTask" time="0.0" classname="com.actitime.test.CreateTask">
    <skipped/>
  </testcase> <!-- teatCreateTask -->
</testsuite> <!-- Test -->
